<?xml version="1.0" encoding="UTF-8"?>
<testng-results ignored="0" total="4" passed="4" failed="0" skipped="0">
  <reporter-output>
  </reporter-output>
  <suite started-at="2022-03-01T22:55:59 IST" name="Suite" finished-at="2022-03-01T22:55:59 IST" duration-ms="265">
    <groups>
    </groups>
    <test started-at="2022-03-01T22:55:59 IST" name="Demo" finished-at="2022-03-01T22:55:59 IST" duration-ms="115">
      <class name="Demo.Practice">
        <test-method signature="invalidcredentials()[pri:0, instance:Demo.Practice@d706f19]" started-at="2022-03-01T22:55:59 IST" name="invalidcredentials" finished-at="2022-03-01T22:55:59 IST" duration-ms="20" status="PASS">
          <reporter-output>
          </reporter-output>
        </test-method> <!-- invalidcredentials -->
        <test-method signature="validcredentials()[pri:0, instance:Demo.Practice@d706f19]" started-at="2022-03-01T22:55:59 IST" name="validcredentials" finished-at="2022-03-01T22:55:59 IST" duration-ms="8" status="PASS">
          <reporter-output>
          </reporter-output>
        </test-method> <!-- validcredentials -->
      </class> <!-- Demo.Practice -->
    </test> <!-- Demo -->
    <test started-at="2022-03-01T22:55:59 IST" name="facebook" finished-at="2022-03-01T22:55:59 IST" duration-ms="30">
      <class name="facebook.Register">
        <test-method signature="register()[pri:0, instance:facebook.Register@35047d03]" started-at="2022-03-01T22:55:59 IST" name="register" finished-at="2022-03-01T22:55:59 IST" duration-ms="3" status="PASS">
          <reporter-output>
          </reporter-output>
        </test-method> <!-- register -->
      </class> <!-- facebook.Register -->
      <class name="facebook.login">
        <test-method signature="login()[pri:0, instance:facebook.login@2473d930]" started-at="2022-03-01T22:55:59 IST" name="login" finished-at="2022-03-01T22:55:59 IST" duration-ms="2" status="PASS">
          <reporter-output>
          </reporter-output>
        </test-method> <!-- login -->
      </class> <!-- facebook.login -->
    </test> <!-- facebook -->
  </suite> <!-- Suite -->
</testng-results>
