<?xml version="1.0" encoding="UTF-8"?>
<!-- Generated by org.testng.reporters.JUnitXMLReporter -->
<testsuite ignored="0" hostname="DESKTOP-9TT09F0" failures="0" tests="4" name="Default test" time="15.039" errors="0" timestamp="2022-02-15T13:29:16 IST">
  <testcase classname="TestCases.TC_02_CreateAcount" name="setup" time="11.453"/>
  <testcase classname="TestCases.TC_02_CreateAcount" name="TC_02_1" time="0.301"/>
  <testcase classname="TestCases.TC_02_CreateAcount" name="TC_02_2" time="0.006"/>
  <testcase classname="TestCases.TC_02_CreateAcount" name="TC_02_2_2" time="3.126"/>
</testsuite> <!-- Default test -->
