<?xml version="1.0" encoding="UTF-8"?>
<!-- Generated by org.testng.reporters.JUnitXMLReporter -->
<testsuite ignored="0" hostname="DESKTOP-9TT09F0" failures="0" tests="9" name="Test" time="45.987" errors="0" timestamp="2022-02-08T18:43:28 IST">
  <testcase classname="TestCases.TC_01_LoginTest" name="setup" time="12.466"/>
  <testcase classname="TestCases.TC_01_LoginTest" name="TC_01_1" time="6.478"/>
  <testcase classname="TestCases.TC_01_LoginTest" name="logoutFacebook" time="5.707"/>
  <testcase classname="TestCases.TC_01_LoginTest" name="close" time="2.555"/>
  <testcase classname="TestCases.TC_03_BrokenLinksOnLoginPage" name="setup" time="7.437"/>
  <testcase classname="TestCases.TC_02_CreateAcount" name="setup" time="7.584"/>
  <testcase classname="TestCases.TC_02_CreateAcount" name="TC_02_1" time="0.355"/>
  <testcase classname="TestCases.TC_02_CreateAcount" name="TC_02_2" time="0.012"/>
  <testcase classname="TestCases.TC_02_CreateAcount" name="TC_02_2_2" time="3.253"/>
</testsuite> <!-- Test -->
