<?xml version="1.0" encoding="UTF-8"?>
<testng-results ignored="0" total="4" passed="4" failed="0" skipped="0">
  <reporter-output>
  </reporter-output>
  <suite started-at="2022-02-15T13:29:01 IST" name="Default suite" finished-at="2022-02-15T13:29:16 IST" duration-ms="15039">
    <groups>
    </groups>
    <test started-at="2022-02-15T13:29:01 IST" name="Default test" finished-at="2022-02-15T13:29:16 IST" duration-ms="15039">
      <class name="TestCases.TC_02_CreateAcount">
        <test-method signature="setup()[pri:0, instance:TestCases.TC_02_CreateAcount@4e91d63f]" started-at="2022-02-15T13:29:01 IST" name="setup" finished-at="2022-02-15T13:29:12 IST" duration-ms="11453" status="PASS">
          <reporter-output>
          </reporter-output>
        </test-method> <!-- setup -->
        <test-method signature="TC_02_1()[pri:1, instance:TestCases.TC_02_CreateAcount@4e91d63f]" started-at="2022-02-15T13:29:12 IST" name="TC_02_1" finished-at="2022-02-15T13:29:13 IST" duration-ms="301" status="PASS">
          <reporter-output>
          </reporter-output>
        </test-method> <!-- TC_02_1 -->
        <test-method signature="TC_02_2()[pri:2, instance:TestCases.TC_02_CreateAcount@4e91d63f]" started-at="2022-02-15T13:29:13 IST" name="TC_02_2" finished-at="2022-02-15T13:29:13 IST" duration-ms="6" status="PASS">
          <reporter-output>
          </reporter-output>
        </test-method> <!-- TC_02_2 -->
        <test-method signature="TC_02_2_2()[pri:3, instance:TestCases.TC_02_CreateAcount@4e91d63f]" started-at="2022-02-15T13:29:13 IST" name="TC_02_2_2" finished-at="2022-02-15T13:29:16 IST" duration-ms="3126" status="PASS">
          <reporter-output>
          </reporter-output>
        </test-method> <!-- TC_02_2_2 -->
      </class> <!-- TestCases.TC_02_CreateAcount -->
    </test> <!-- Default test -->
  </suite> <!-- Default suite -->
</testng-results>
